<?xml version="1.0" encoding="utf-8"?><testsuites><testsuite name="pytest" errors="0" failures="0" skipped="0" tests="5" time="0.735" timestamp="2022-04-28T09:05:09.759824" hostname="DESKTOP-TP5Q43L"><testcase classname="tests.test_core" name="test_add_beer_to_database" time="0.030" /><testcase classname="tests.test_core" name="test_get_beers_from_database" time="0.027" /><testcase classname="tests.test_functional_api" name="test_create_beer_via_api" time="0.038" /><testcase classname="tests.test_functional_api" name="test_list_beers" time="0.020" /><testcase classname="tests.test_functional_cli" name="test_add_beer" time="0.029" /></testsuite></testsuites>